# JRE version: Java(TM) SE Runtime Environment 18.9 (11.0.15.1+2) (build 11.0.15.1+2-LTS-10)
# Java VM: Java HotSpot(TM) 64-Bit Server VM 18.9 (11.0.15.1+2-LTS-10, mixed mode, tiered, compressed oops, g1 gc, windows-amd64)
Heap:
 garbage-first heap   total 131072K, used 80058K [0x0000000080000000, 0x0000000100000000)
  region size 1024K, 63 young (64512K), 3 survivors (3072K)
 Metaspace       used 30356K, capacity 31108K, committed 31152K, reserved 544768K
  class space    used 4033K, capacity 4336K, committed 4352K, reserved 516096K
GC Heap History (10 events):
Event: 50.965 GC heap before
{Heap before GC invocations=1 (full 0):
 garbage-first heap   total 131072K, used 19470K [0x0000000080000000, 0x0000000100000000)
  region size 1024K, 13 young (13312K), 2 survivors (2048K)
 Metaspace       used 10017K, capacity 10193K, committed 10368K, reserved 526336K
  class space    used 1043K, capacity 1107K, committed 1152K, reserved 516096K
}
Event: 50.969 GC heap after
{Heap after GC invocations=2 (full 0):
 garbage-first heap   total 131072K, used 10501K [0x0000000080000000, 0x0000000100000000)
  region size 1024K, 2 young (2048K), 2 survivors (2048K)
 Metaspace       used 10017K, capacity 10193K, committed 10368K, reserved 526336K
  class space    used 1043K, capacity 1107K, committed 1152K, reserved 516096K
}
Event: 67.782 GC heap before
{Heap before GC invocations=2 (full 0):
 garbage-first heap   total 131072K, used 38149K [0x0000000080000000, 0x0000000100000000)
  region size 1024K, 29 young (29696K), 2 survivors (2048K)
 Metaspace       used 11082K, capacity 11307K, committed 11520K, reserved 526336K
  class space    used 1153K, capacity 1244K, committed 1280K, reserved 516096K
}
Event: 67.787 GC heap after
{Heap after GC invocations=3 (full 0):
 garbage-first heap   total 131072K, used 12332K [0x0000000080000000, 0x0000000100000000)
  region size 1024K, 4 young (4096K), 4 survivors (4096K)
 Metaspace       used 11082K, capacity 11307K, committed 11520K, reserved 526336K
  class space    used 1153K, capacity 1244K, committed 1280K, reserved 516096K
}
Event: 262.980 GC heap before
{Heap before GC invocations=3 (full 0):
 garbage-first heap   total 131072K, used 54316K [0x0000000080000000, 0x0000000100000000)
  region size 1024K, 44 young (45056K), 4 survivors (4096K)
 Metaspace       used 17476K, capacity 17874K, committed 18176K, reserved 532480K
  class space    used 2025K, capacity 2178K, committed 2304K, reserved 516096K
}
Event: 263.292 GC heap after
{Heap after GC invocations=4 (full 0):
 garbage-first heap   total 131072K, used 17175K [0x0000000080000000, 0x0000000100000000)
  region size 1024K, 6 young (6144K), 6 survivors (6144K)
 Metaspace       used 17476K, capacity 17874K, committed 18176K, reserved 532480K
  class space    used 2025K, capacity 2178K, committed 2304K, reserved 516096K
}
Event: 278.362 GC heap before
{Heap before GC invocations=4 (full 0):
 garbage-first heap   total 131072K, used 41751K [0x0000000080000000, 0x0000000100000000)
  region size 1024K, 31 young (31744K), 6 survivors (6144K)
 Metaspace       used 20811K, capacity 21224K, committed 21296K, reserved 536576K
  class space    used 2513K, capacity 2686K, committed 2688K, reserved 516096K
}
Event: 278.526 GC heap after
{Heap after GC invocations=5 (full 0):
 garbage-first heap   total 131072K, used 18501K [0x0000000080000000, 0x0000000100000000)
  region size 1024K, 2 young (2048K), 2 survivors (2048K)
 Metaspace       used 20811K, capacity 21224K, committed 21296K, reserved 536576K
  class space    used 2513K, capacity 2686K, committed 2688K, reserved 516096K
}
Event: 285.270 GC heap before
{Heap before GC invocations=6 (full 0):
 garbage-first heap   total 131072K, used 60485K [0x0000000080000000, 0x0000000100000000)
  region size 1024K, 43 young (44032K), 2 survivors (2048K)
 Metaspace       used 24424K, capacity 24967K, committed 25008K, reserved 538624K
  class space    used 3111K, capacity 3319K, committed 3328K, reserved 516096K
}
Event: 285.276 GC heap after
{Heap after GC invocations=7 (full 0):
 garbage-first heap   total 131072K, used 19642K [0x0000000080000000, 0x0000000100000000)
  region size 1024K, 3 young (3072K), 3 survivors (3072K)
 Metaspace       used 24424K, capacity 24967K, committed 25008K, reserved 538624K
  class space    used 3111K, capacity 3319K, committed 3328K, reserved 516096K
}

