# JRE version: Java(TM) SE Runtime Environment 18.9 (11.0.15.1+2) (build 11.0.15.1+2-LTS-10)
# Java VM: Java HotSpot(TM) 64-Bit Server VM 18.9 (11.0.15.1+2-LTS-10, mixed mode, tiered, compressed oops, g1 gc, windows-amd64)
Heap:
 garbage-first heap   total 131072K, used 37913K [0x0000000080000000, 0x0000000100000000)
  region size 1024K, 22 young (22528K), 5 survivors (5120K)
 Metaspace       used 31862K, capacity 32581K, committed 32688K, reserved 544768K
  class space    used 4257K, capacity 4544K, committed 4608K, reserved 516096K
GC Heap History (10 events):
Event: 73.491 GC heap before
{Heap before GC invocations=2 (full 0):
 garbage-first heap   total 131072K, used 40230K [0x0000000080000000, 0x0000000100000000)
  region size 1024K, 30 young (30720K), 2 survivors (2048K)
 Metaspace       used 11148K, capacity 11387K, committed 11520K, reserved 526336K
  class space    used 1153K, capacity 1244K, committed 1280K, reserved 516096K
}
Event: 73.496 GC heap after
{Heap after GC invocations=3 (full 0):
 garbage-first heap   total 131072K, used 13175K [0x0000000080000000, 0x0000000100000000)
  region size 1024K, 4 young (4096K), 4 survivors (4096K)
 Metaspace       used 11148K, capacity 11387K, committed 11520K, reserved 526336K
  class space    used 1153K, capacity 1244K, committed 1280K, reserved 516096K
}
Event: 260.871 GC heap before
{Heap before GC invocations=3 (full 0):
 garbage-first heap   total 131072K, used 55159K [0x0000000080000000, 0x0000000100000000)
  region size 1024K, 45 young (46080K), 4 survivors (4096K)
 Metaspace       used 18106K, capacity 18470K, committed 18688K, reserved 532480K
  class space    used 2106K, capacity 2243K, committed 2304K, reserved 516096K
}
Event: 261.337 GC heap after
{Heap after GC invocations=4 (full 0):
 garbage-first heap   total 131072K, used 17390K [0x0000000080000000, 0x0000000100000000)
  region size 1024K, 6 young (6144K), 6 survivors (6144K)
 Metaspace       used 18106K, capacity 18470K, committed 18688K, reserved 532480K
  class space    used 2106K, capacity 2243K, committed 2304K, reserved 516096K
}
Event: 271.489 GC heap before
{Heap before GC invocations=4 (full 0):
 garbage-first heap   total 131072K, used 38894K [0x0000000080000000, 0x0000000100000000)
  region size 1024K, 28 young (28672K), 6 survivors (6144K)
 Metaspace       used 20816K, capacity 21241K, committed 21296K, reserved 536576K
  class space    used 2513K, capacity 2686K, committed 2688K, reserved 516096K
}
Event: 271.510 GC heap after
{Heap after GC invocations=5 (full 0):
 garbage-first heap   total 131072K, used 18277K [0x0000000080000000, 0x0000000100000000)
  region size 1024K, 1 young (1024K), 1 survivors (1024K)
 Metaspace       used 20816K, capacity 21241K, committed 21296K, reserved 536576K
  class space    used 2513K, capacity 2686K, committed 2688K, reserved 516096K
}
Event: 284.054 GC heap before
{Heap before GC invocations=6 (full 0):
 garbage-first heap   total 131072K, used 65381K [0x0000000080000000, 0x0000000100000000)
  region size 1024K, 47 young (48128K), 1 survivors (1024K)
 Metaspace       used 24873K, capacity 25382K, committed 25648K, reserved 538624K
  class space    used 3192K, capacity 3389K, committed 3456K, reserved 516096K
}
Event: 284.059 GC heap after
{Heap after GC invocations=7 (full 0):
 garbage-first heap   total 131072K, used 19758K [0x0000000080000000, 0x0000000100000000)
  region size 1024K, 3 young (3072K), 3 survivors (3072K)
 Metaspace       used 24873K, capacity 25382K, committed 25648K, reserved 538624K
  class space    used 3192K, capacity 3389K, committed 3456K, reserved 516096K
}
Event: 294.349 GC heap before
{Heap before GC invocations=7 (full 0):
 garbage-first heap   total 131072K, used 71982K [0x0000000080000000, 0x0000000100000000)
  region size 1024K, 54 young (55296K), 3 survivors (3072K)
 Metaspace       used 29834K, capacity 30582K, committed 30896K, reserved 542720K
  class space    used 3969K, capacity 4280K, committed 4352K, reserved 516096K
}
Event: 294.358 GC heap after
{Heap after GC invocations=8 (full 0):
 garbage-first heap   total 131072K, used 21529K [0x0000000080000000, 0x0000000100000000)
  region size 1024K, 5 young (5120K), 5 survivors (5120K)
 Metaspace       used 29834K, capacity 30582K, committed 30896K, reserved 542720K
  class space    used 3969K, capacity 4280K, committed 4352K, reserved 516096K
}

