# JRE version: Java(TM) SE Runtime Environment 18.9 (11.0.15.1+2) (build 11.0.15.1+2-LTS-10)
# Java VM: Java HotSpot(TM) 64-Bit Server VM 18.9 (11.0.15.1+2-LTS-10, mixed mode, tiered, compressed oops, g1 gc, windows-amd64)
Heap:
 garbage-first heap   total 131072K, used 23380K [0x0000000080000000, 0x0000000100000000)
  region size 1024K, 7 young (7168K), 5 survivors (5120K)
 Metaspace       used 31767K, capacity 32501K, committed 32688K, reserved 550912K
  class space    used 4239K, capacity 4544K, committed 4608K, reserved 516096K
GC Heap History (10 events):
Event: 266.064 GC heap before
{Heap before GC invocations=3 (full 0):
 garbage-first heap   total 131072K, used 54452K [0x0000000080000000, 0x0000000100000000)
  region size 1024K, 45 young (46080K), 4 survivors (4096K)
 Metaspace       used 17767K, capacity 18165K, committed 18432K, reserved 532480K
  class space    used 2062K, capacity 2211K, committed 2304K, reserved 516096K
}
Event: 266.570 GC heap after
{Heap after GC invocations=4 (full 0):
 garbage-first heap   total 131072K, used 17174K [0x0000000080000000, 0x0000000100000000)
  region size 1024K, 6 young (6144K), 6 survivors (6144K)
 Metaspace       used 17767K, capacity 18165K, committed 18432K, reserved 532480K
  class space    used 2062K, capacity 2211K, committed 2304K, reserved 516096K
}
Event: 277.185 GC heap before
{Heap before GC invocations=4 (full 0):
 garbage-first heap   total 131072K, used 40726K [0x0000000080000000, 0x0000000100000000)
  region size 1024K, 30 young (30720K), 6 survivors (6144K)
 Metaspace       used 20834K, capacity 21224K, committed 21296K, reserved 536576K
  class space    used 2512K, capacity 2686K, committed 2688K, reserved 516096K
}
Event: 277.199 GC heap after
{Heap after GC invocations=5 (full 0):
 garbage-first heap   total 131072K, used 18425K [0x0000000080000000, 0x0000000100000000)
  region size 1024K, 1 young (1024K), 1 survivors (1024K)
 Metaspace       used 20834K, capacity 21224K, committed 21296K, reserved 536576K
  class space    used 2512K, capacity 2686K, committed 2688K, reserved 516096K
}
Event: 289.308 GC heap before
{Heap before GC invocations=6 (full 0):
 garbage-first heap   total 131072K, used 63481K [0x0000000080000000, 0x0000000100000000)
  region size 1024K, 45 young (46080K), 1 survivors (1024K)
 Metaspace       used 24568K, capacity 25191K, committed 25392K, reserved 538624K
  class space    used 3139K, capacity 3351K, committed 3456K, reserved 516096K
}
Event: 289.313 GC heap after
{Heap after GC invocations=7 (full 0):
 garbage-first heap   total 131072K, used 19959K [0x0000000080000000, 0x0000000100000000)
  region size 1024K, 3 young (3072K), 3 survivors (3072K)
 Metaspace       used 24568K, capacity 25191K, committed 25392K, reserved 538624K
  class space    used 3139K, capacity 3351K, committed 3456K, reserved 516096K
}
Event: 300.071 GC heap before
{Heap before GC invocations=7 (full 0):
 garbage-first heap   total 131072K, used 71159K [0x0000000080000000, 0x0000000100000000)
  region size 1024K, 53 young (54272K), 3 survivors (3072K)
 Metaspace       used 29336K, capacity 30005K, committed 30256K, reserved 542720K
  class space    used 3887K, capacity 4179K, committed 4224K, reserved 516096K
}
Event: 300.079 GC heap after
{Heap after GC invocations=8 (full 0):
 garbage-first heap   total 131072K, used 21512K [0x0000000080000000, 0x0000000100000000)
  region size 1024K, 5 young (5120K), 5 survivors (5120K)
 Metaspace       used 29336K, capacity 30005K, committed 30256K, reserved 542720K
  class space    used 3887K, capacity 4179K, committed 4224K, reserved 516096K
}
Event: 304.525 GC heap before
{Heap before GC invocations=8 (full 0):
 garbage-first heap   total 131072K, used 43016K [0x0000000080000000, 0x0000000100000000)
  region size 1024K, 27 young (27648K), 5 survivors (5120K)
 Metaspace       used 31610K, capacity 32277K, committed 32432K, reserved 550912K
  class space    used 4218K, capacity 4512K, committed 4608K, reserved 516096K
}
Event: 304.536 GC heap after
{Heap after GC invocations=9 (full 0):
 garbage-first heap   total 131072K, used 22356K [0x0000000080000000, 0x0000000100000000)
  region size 1024K, 5 young (5120K), 5 survivors (5120K)
 Metaspace       used 31610K, capacity 32277K, committed 32432K, reserved 550912K
  class space    used 4218K, capacity 4512K, committed 4608K, reserved 516096K
}

