# JRE version: Java(TM) SE Runtime Environment 18.9 (11.0.15.1+2) (build 11.0.15.1+2-LTS-10)
# Java VM: Java HotSpot(TM) 64-Bit Server VM 18.9 (11.0.15.1+2-LTS-10, mixed mode, tiered, compressed oops, g1 gc, windows-amd64)
Heap:
 garbage-first heap   total 131072K, used 41685K [0x0000000080000000, 0x0000000100000000)
  region size 1024K, 21 young (21504K), 9 survivors (9216K)
 Metaspace       used 40832K, capacity 41878K, committed 41904K, reserved 552960K
  class space    used 5208K, capacity 5625K, committed 5632K, reserved 516096K
GC Heap History (10 events):
Event: 273.460 GC heap before
{Heap before GC invocations=4 (full 0):
 garbage-first heap   total 131072K, used 38389K [0x0000000080000000, 0x0000000100000000)
  region size 1024K, 27 young (27648K), 6 survivors (6144K)
 Metaspace       used 20821K, capacity 21244K, committed 21296K, reserved 536576K
  class space    used 2514K, capacity 2687K, committed 2688K, reserved 516096K
}
Event: 273.478 GC heap after
{Heap after GC invocations=5 (full 0):
 garbage-first heap   total 131072K, used 18696K [0x0000000080000000, 0x0000000100000000)
  region size 1024K, 5 young (5120K), 5 survivors (5120K)
 Metaspace       used 20821K, capacity 21244K, committed 21296K, reserved 536576K
  class space    used 2514K, capacity 2687K, committed 2688K, reserved 516096K
}
Event: 280.391 GC heap before
{Heap before GC invocations=6 (full 0):
 garbage-first heap   total 131072K, used 65800K [0x0000000080000000, 0x0000000100000000)
  region size 1024K, 51 young (52224K), 5 survivors (5120K)
 Metaspace       used 24877K, capacity 25446K, committed 25648K, reserved 538624K
  class space    used 3189K, capacity 3389K, committed 3456K, reserved 516096K
}
Event: 280.401 GC heap after
{Heap after GC invocations=7 (full 0):
 garbage-first heap   total 131072K, used 20341K [0x0000000080000000, 0x0000000100000000)
  region size 1024K, 3 young (3072K), 3 survivors (3072K)
 Metaspace       used 24877K, capacity 25446K, committed 25648K, reserved 538624K
  class space    used 3189K, capacity 3389K, committed 3456K, reserved 516096K
}
Event: 289.166 GC heap before
{Heap before GC invocations=7 (full 0):
 garbage-first heap   total 131072K, used 72565K [0x0000000080000000, 0x0000000100000000)
  region size 1024K, 54 young (55296K), 3 survivors (3072K)
 Metaspace       used 29800K, capacity 30485K, committed 30640K, reserved 542720K
  class space    used 3962K, capacity 4248K, committed 4352K, reserved 516096K
}
Event: 289.172 GC heap after
{Heap after GC invocations=8 (full 0):
 garbage-first heap   total 131072K, used 22101K [0x0000000080000000, 0x0000000100000000)
  region size 1024K, 5 young (5120K), 5 survivors (5120K)
 Metaspace       used 29800K, capacity 30485K, committed 30640K, reserved 542720K
  class space    used 3962K, capacity 4248K, committed 4352K, reserved 516096K
}
Event: 297.741 GC heap before
{Heap before GC invocations=8 (full 0):
 garbage-first heap   total 131072K, used 47701K [0x0000000080000000, 0x0000000100000000)
  region size 1024K, 31 young (31744K), 5 survivors (5120K)
 Metaspace       used 34943K, capacity 35742K, committed 35888K, reserved 548864K
  class space    used 4524K, capacity 4877K, committed 4992K, reserved 516096K
}
Event: 297.752 GC heap after
{Heap after GC invocations=9 (full 0):
 garbage-first heap   total 131072K, used 24292K [0x0000000080000000, 0x0000000100000000)
  region size 1024K, 7 young (7168K), 7 survivors (7168K)
 Metaspace       used 34943K, capacity 35742K, committed 35888K, reserved 548864K
  class space    used 4524K, capacity 4877K, committed 4992K, reserved 516096K
}
Event: 307.305 GC heap before
{Heap before GC invocations=10 (full 0):
 garbage-first heap   total 131072K, used 87780K [0x0000000080000000, 0x0000000100000000)
  region size 1024K, 66 young (67584K), 7 survivors (7168K)
 Metaspace       used 40260K, capacity 41221K, committed 41392K, reserved 552960K
  class space    used 5130K, capacity 5530K, committed 5632K, reserved 516096K
}
Event: 307.326 GC heap after
{Heap after GC invocations=11 (full 0):
 garbage-first heap   total 131072K, used 30421K [0x0000000080000000, 0x0000000100000000)
  region size 1024K, 9 young (9216K), 9 survivors (9216K)
 Metaspace       used 40260K, capacity 41221K, committed 41392K, reserved 552960K
  class space    used 5130K, capacity 5530K, committed 5632K, reserved 516096K
}

