# JRE version: Java(TM) SE Runtime Environment 18.9 (11.0.15.1+2) (build 11.0.15.1+2-LTS-10)
# Java VM: Java HotSpot(TM) 64-Bit Server VM 18.9 (11.0.15.1+2-LTS-10, mixed mode, tiered, compressed oops, g1 gc, windows-amd64)
Heap:
 garbage-first heap   total 131072K, used 24464K [0x0000000080000000, 0x0000000100000000)
  region size 1024K, 9 young (9216K), 7 survivors (7168K)
 Metaspace       used 35495K, capacity 36323K, committed 36400K, reserved 548864K
  class space    used 4613K, capacity 4949K, committed 4992K, reserved 516096K
GC Heap History (10 events):
Event: 219.429 GC heap before
{Heap before GC invocations=2 (full 0):
 garbage-first heap   total 131072K, used 29434K [0x0000000080000000, 0x0000000100000000)
  region size 1024K, 22 young (22528K), 10 survivors (10240K)
 Metaspace       used 19108K, capacity 19474K, committed 19584K, reserved 534528K
  class space    used 2231K, capacity 2349K, committed 2432K, reserved 516096K
}
Event: 219.440 GC heap after
{Heap after GC invocations=3 (full 0):
 garbage-first heap   total 131072K, used 17937K [0x0000000080000000, 0x0000000100000000)
  region size 1024K, 1 young (1024K), 1 survivors (1024K)
 Metaspace       used 19108K, capacity 19474K, committed 19584K, reserved 534528K
  class space    used 2231K, capacity 2349K, committed 2432K, reserved 516096K
}
Event: 223.330 GC heap before
{Heap before GC invocations=3 (full 0):
 garbage-first heap   total 131072K, used 32273K [0x0000000080000000, 0x0000000100000000)
  region size 1024K, 17 young (17408K), 1 survivors (1024K)
 Metaspace       used 20810K, capacity 21224K, committed 21296K, reserved 536576K
  class space    used 2512K, capacity 2686K, committed 2688K, reserved 516096K
}
Event: 223.336 GC heap after
{Heap after GC invocations=4 (full 0):
 garbage-first heap   total 131072K, used 18162K [0x0000000080000000, 0x0000000100000000)
  region size 1024K, 2 young (2048K), 2 survivors (2048K)
 Metaspace       used 20810K, capacity 21224K, committed 21296K, reserved 536576K
  class space    used 2512K, capacity 2686K, committed 2688K, reserved 516096K
}
Event: 233.079 GC heap before
{Heap before GC invocations=5 (full 0):
 garbage-first heap   total 131072K, used 52978K [0x0000000080000000, 0x0000000100000000)
  region size 1024K, 36 young (36864K), 2 survivors (2048K)
 Metaspace       used 23932K, capacity 24494K, committed 24752K, reserved 538624K
  class space    used 3039K, capacity 3247K, committed 3328K, reserved 516096K
}
Event: 233.088 GC heap after
{Heap after GC invocations=6 (full 0):
 garbage-first heap   total 131072K, used 19406K [0x0000000080000000, 0x0000000100000000)
  region size 1024K, 3 young (3072K), 3 survivors (3072K)
 Metaspace       used 23932K, capacity 24494K, committed 24752K, reserved 538624K
  class space    used 3039K, capacity 3247K, committed 3328K, reserved 516096K
}
Event: 244.985 GC heap before
{Heap before GC invocations=6 (full 0):
 garbage-first heap   total 131072K, used 71630K [0x0000000080000000, 0x0000000100000000)
  region size 1024K, 54 young (55296K), 3 survivors (3072K)
 Metaspace       used 28993K, capacity 29685K, committed 30000K, reserved 542720K
  class space    used 3836K, capacity 4136K, committed 4224K, reserved 516096K
}
Event: 245.013 GC heap after
{Heap after GC invocations=7 (full 0):
 garbage-first heap   total 131072K, used 21329K [0x0000000080000000, 0x0000000100000000)
  region size 1024K, 5 young (5120K), 5 survivors (5120K)
 Metaspace       used 28993K, capacity 29685K, committed 30000K, reserved 542720K
  class space    used 3836K, capacity 4136K, committed 4224K, reserved 516096K
}
Event: 256.461 GC heap before
{Heap before GC invocations=7 (full 0):
 garbage-first heap   total 131072K, used 58193K [0x0000000080000000, 0x0000000100000000)
  region size 1024K, 42 young (43008K), 5 survivors (5120K)
 Metaspace       used 34921K, capacity 35727K, committed 35888K, reserved 548864K
  class space    used 4524K, capacity 4877K, committed 4992K, reserved 516096K
}
Event: 256.485 GC heap after
{Heap after GC invocations=8 (full 0):
 garbage-first heap   total 131072K, used 23440K [0x0000000080000000, 0x0000000100000000)
  region size 1024K, 7 young (7168K), 7 survivors (7168K)
 Metaspace       used 34921K, capacity 35727K, committed 35888K, reserved 548864K
  class space    used 4524K, capacity 4877K, committed 4992K, reserved 516096K
}

